<?xml version="1.0" encoding="UTF-8"?>
<testng-results skipped="0" failed="0" total="1" passed="1">
  <reporter-output>
  </reporter-output>
  <suite name="Default suite" duration-ms="43" started-at="2016-01-04T01:44:38Z" finished-at="2016-01-04T01:44:38Z">
    <groups>
    </groups>
    <test name="Default test" duration-ms="43" started-at="2016-01-04T01:44:38Z" finished-at="2016-01-04T01:44:38Z">
      <class name="com.testnglearning.AppTest">
        <test-method status="PASS" signature="sendMail()[pri:0, instance:com.testnglearning.AppTest@224aed64]" name="sendMail" duration-ms="20" started-at="2016-01-03T19:44:38Z" finished-at="2016-01-03T19:44:38Z">
          <reporter-output>
          </reporter-output>
        </test-method> <!-- sendMail -->
      </class> <!-- com.testnglearning.AppTest -->
    </test> <!-- Default test -->
  </suite> <!-- Default suite -->
</testng-results>
